[INFO] Scanning for projects...
[INFO] 
[INFO] ---------------< io.github.lnyo-cly:ai4j-flowgram-demo >----------------
[INFO] Building ai4j-flowgram-demo 2.0.0
[INFO]   from pom.xml
[INFO] --------------------------------[ jar ]---------------------------------
[INFO] 
[INFO] >>> spring-boot:2.3.12.RELEASE:run (default-cli) > test-compile @ ai4j-flowgram-demo >>>
[INFO] 
[INFO] --- resources:3.3.1:resources (default-resources) @ ai4j-flowgram-demo ---
[INFO] Copying 1 resource from src\main\resources to target\classes
[INFO] 
[INFO] --- compiler:3.8.1:compile (default-compile) @ ai4j-flowgram-demo ---
[INFO] Nothing to compile - all classes are up to date
[INFO] 
[INFO] --- resources:3.3.1:testResources (default-testResources) @ ai4j-flowgram-demo ---
[INFO] skip non existing resourceDirectory G:\My_Project\java\ai4j-sdk\ai4j-flowgram-demo\src\test\resources
[INFO] 
[INFO] --- compiler:3.8.1:testCompile (default-testCompile) @ ai4j-flowgram-demo ---
[INFO] No sources to compile
[INFO] 
[INFO] <<< spring-boot:2.3.12.RELEASE:run (default-cli) < test-compile @ ai4j-flowgram-demo <<<
[INFO] 
[INFO] 
[INFO] --- spring-boot:2.3.12.RELEASE:run (default-cli) @ ai4j-flowgram-demo ---
[INFO] Attaching agents: []

  .   ____          _            __ _ _
 /\\ / ___'_ __ _ _(_)_ __  __ _ \ \ \ \
( ( )\___ | '_ | '_| | '_ \/ _` | \ \ \ \
 \\/  ___)| |_)| | | | | || (_| |  ) ) ) )
  '  |____| .__|_| |_|_| |_\__, | / / / /
 =========|_|==============|___/=/_/_/_/
 :: Spring Boot ::       (v2.3.12.RELEASE)

2026-03-28 17:20:27.251  INFO 51532 --- [           main] i.g.l.a.f.demo.FlowGramDemoApplication   : Starting FlowGramDemoApplication on DESKTOP-F1VDEPJ with PID 51532 (G:\My_Project\java\ai4j-sdk\ai4j-flowgram-demo\target\classes started by 1 in G:\My_Project\java\ai4j-sdk\ai4j-flowgram-demo)
2026-03-28 17:20:27.253  INFO 51532 --- [           main] i.g.l.a.f.demo.FlowGramDemoApplication   : No active profile set, falling back to default profiles: default
2026-03-28 17:20:27.348  WARN 51532 --- [kground-preinit] o.s.h.c.j.Jackson2ObjectMapperBuilder    : For Jackson Kotlin classes support please add "com.fasterxml.jackson.module:jackson-module-kotlin" to the classpath
2026-03-28 17:20:28.119  INFO 51532 --- [           main] o.s.b.w.embedded.tomcat.TomcatWebServer  : Tomcat initialized with port(s): 18080 (http)
2026-03-28 17:20:28.130  INFO 51532 --- [           main] o.apache.catalina.core.StandardService   : Starting service [Tomcat]
2026-03-28 17:20:28.130  INFO 51532 --- [           main] org.apache.catalina.core.StandardEngine  : Starting Servlet engine: [Apache Tomcat/9.0.46]
2026-03-28 17:20:28.274  INFO 51532 --- [           main] o.a.c.c.C.[Tomcat].[localhost].[/]       : Initializing Spring embedded WebApplicationContext
2026-03-28 17:20:28.274  INFO 51532 --- [           main] w.s.c.ServletWebServerApplicationContext : Root WebApplicationContext: initialization completed in 980 ms
2026-03-28 17:20:28.502  INFO 51532 --- [           main] o.s.s.concurrent.ThreadPoolTaskExecutor  : Initializing ExecutorService 'applicationTaskExecutor'
2026-03-28 17:20:28.644  INFO 51532 --- [           main] i.g.l.ai4j.utils.ServiceLoaderUtil       : Loaded SPI implementation: DefaultDispatcherProvider
2026-03-28 17:20:28.646  INFO 51532 --- [           main] i.g.l.ai4j.utils.ServiceLoaderUtil       : Loaded SPI implementation: DefaultConnectionPoolProvider
2026-03-28 17:20:28.947  INFO 51532 --- [           main] o.s.b.w.embedded.tomcat.TomcatWebServer  : Tomcat started on port(s): 18080 (http) with context path ''
2026-03-28 17:20:28.953  INFO 51532 --- [           main] i.g.l.a.f.demo.FlowGramDemoApplication   : Started FlowGramDemoApplication in 2.019 seconds (JVM running for 2.555)
2026-03-28 17:20:35.313  INFO 51532 --- [io-18080-exec-1] o.a.c.c.C.[Tomcat].[localhost].[/]       : Initializing Spring DispatcherServlet 'dispatcherServlet'
2026-03-28 17:20:35.313  INFO 51532 --- [io-18080-exec-1] o.s.web.servlet.DispatcherServlet        : Initializing Servlet 'dispatcherServlet'
2026-03-28 17:20:35.316  INFO 51532 --- [io-18080-exec-1] o.s.web.servlet.DispatcherServlet        : Completed initialization in 3 ms
[INFO] ------------------------------------------------------------------------
[INFO] BUILD FAILURE
[INFO] ------------------------------------------------------------------------
[INFO] Total time:  01:08 h
[INFO] Finished at: 2026-03-28T18:28:45+08:00
[INFO] ------------------------------------------------------------------------
[ERROR] Failed to execute goal org.springframework.boot:spring-boot-maven-plugin:2.3.12.RELEASE:run (default-cli) on project ai4j-flowgram-demo: Application finished with exit code: -1 -> [Help 1]
[ERROR] 
[ERROR] To see the full stack trace of the errors, re-run Maven with the -e switch.
[ERROR] Re-run Maven using the -X switch to enable full debug logging.
[ERROR] 
[ERROR] For more information about the errors and possible solutions, please read the following articles:
[ERROR] [Help 1] http://cwiki.apache.org/confluence/display/MAVEN/MojoExecutionException
